<?xml version="1.0" encoding="UTF-8"?>
<!-- Generated by org.testng.reporters.JUnitReportReporter -->
<testsuite skipped="0" hostname="DESKTOP-NO7KHIH" name="b29.Demo2" tests="1" failures="0" timestamp="03 Mar 2022 08:55:47 GMT" time="37.287" errors="0">
  <testcase name="testA" time="37.287" classname="b29.Demo2"/>
</testsuite> <!-- b29.Demo2 -->
