<?xml version="1.0" encoding="UTF-8"?>
<!-- Generated by org.testng.reporters.JUnitReportReporter -->
<testsuite skipped="0" hostname="DESKTOP-NO7KHIH" name="b29.Demo1" tests="1" failures="0" timestamp="03 Mar 2022 08:46:21 GMT" time="16.937" errors="0">
  <testcase name="testA" time="16.937" classname="b29.Demo1"/>
</testsuite> <!-- b29.Demo1 -->
